# JRE version: OpenJDK Runtime Environment (11.0.11) (build 11.0.11+0-b60-7590822)
# Java VM: OpenJDK 64-Bit Server VM (11.0.11+0-b60-7590822, mixed mode, tiered, compressed oops, g1 gc, linux-amd64)
Heap:
 garbage-first heap   total 507904K, used 422929K [0x0000000080000000, 0x0000000100000000)
  region size 1024K, 77 young (78848K), 9 survivors (9216K)
 Metaspace       used 145029K, capacity 149172K, committed 149296K, reserved 1179648K
  class space    used 18035K, capacity 19553K, committed 19584K, reserved 1048576K
GC Heap History (20 events):
Event: 1189.410 GC heap before
{Heap before GC invocations=96 (full 0):
 garbage-first heap   total 507904K, used 389755K [0x0000000080000000, 0x0000000100000000)
  region size 1024K, 177 young (181248K), 3 survivors (3072K)
 Metaspace       used 141649K, capacity 145610K, committed 145840K, reserved 1175552K
  class space    used 17695K, capacity 19152K, committed 19200K, reserved 1048576K
}
Event: 1189.480 GC heap after
{Heap after GC invocations=97 (full 0):
 garbage-first heap   total 507904K, used 214305K [0x0000000080000000, 0x0000000100000000)
  region size 1024K, 5 young (5120K), 5 survivors (5120K)
 Metaspace       used 141649K, capacity 145610K, committed 145840K, reserved 1175552K
  class space    used 17695K, capacity 19152K, committed 19200K, reserved 1048576K
}
Event: 1194.271 GC heap before
{Heap before GC invocations=97 (full 0):
 garbage-first heap   total 507904K, used 421153K [0x0000000080000000, 0x0000000100000000)
  region size 1024K, 207 young (211968K), 5 survivors (5120K)
 Metaspace       used 142222K, capacity 146267K, committed 146480K, reserved 1177600K
  class space    used 17759K, capacity 19247K, committed 19328K, reserved 1048576K
}
Event: 1194.297 GC heap after
{Heap after GC invocations=98 (full 0):
 garbage-first heap   total 507904K, used 212916K [0x0000000080000000, 0x0000000100000000)
  region size 1024K, 4 young (4096K), 4 survivors (4096K)
 Metaspace       used 142222K, capacity 146267K, committed 146480K, reserved 1177600K
  class space    used 17759K, capacity 19247K, committed 19328K, reserved 1048576K
}
Event: 1196.905 GC heap before
{Heap before GC invocations=98 (full 0):
 garbage-first heap   total 507904K, used 295860K [0x0000000080000000, 0x0000000100000000)
  region size 1024K, 60 young (61440K), 4 survivors (4096K)
 Metaspace       used 143061K, capacity 147151K, committed 147376K, reserved 1177600K
  class space    used 17854K, capacity 19344K, committed 19456K, reserved 1048576K
}
Event: 1196.941 GC heap after
{Heap after GC invocations=99 (full 0):
 garbage-first heap   total 507904K, used 242887K [0x0000000080000000, 0x0000000100000000)
  region size 1024K, 15 young (15360K), 15 survivors (15360K)
 Metaspace       used 143061K, capacity 147151K, committed 147376K, reserved 1177600K
  class space    used 17854K, capacity 19344K, committed 19456K, reserved 1048576K
}
Event: 1199.612 GC heap before
{Heap before GC invocations=100 (full 0):
 garbage-first heap   total 507904K, used 322759K [0x0000000080000000, 0x0000000100000000)
  region size 1024K, 113 young (115712K), 15 survivors (15360K)
 Metaspace       used 143819K, capacity 147954K, committed 148272K, reserved 1177600K
  class space    used 17939K, capacity 19463K, committed 19584K, reserved 1048576K
}
Event: 1199.786 GC heap after
{Heap after GC invocations=101 (full 0):
 garbage-first heap   total 507904K, used 256068K [0x0000000080000000, 0x0000000100000000)
  region size 1024K, 15 young (15360K), 15 survivors (15360K)
 Metaspace       used 143819K, capacity 147954K, committed 148272K, reserved 1177600K
  class space    used 17939K, capacity 19463K, committed 19584K, reserved 1048576K
}
Event: 1199.973 GC heap before
{Heap before GC invocations=101 (full 0):
 garbage-first heap   total 507904K, used 265284K [0x0000000080000000, 0x0000000100000000)
  region size 1024K, 24 young (24576K), 15 survivors (15360K)
 Metaspace       used 143849K, capacity 147957K, committed 148272K, reserved 1177600K
  class space    used 17939K, capacity 19463K, committed 19584K, reserved 1048576K
}
Event: 1200.085 GC heap after
{Heap after GC invocations=102 (full 0):
 garbage-first heap   total 507904K, used 250880K [0x0000000080000000, 0x0000000100000000)
  region size 1024K, 3 young (3072K), 3 survivors (3072K)
 Metaspace       used 143849K, capacity 147957K, committed 148272K, reserved 1177600K
  class space    used 17939K, capacity 19463K, committed 19584K, reserved 1048576K
}
Event: 1200.426 GC heap before
{Heap before GC invocations=102 (full 0):
 garbage-first heap   total 507904K, used 272384K [0x0000000080000000, 0x0000000100000000)
  region size 1024K, 24 young (24576K), 3 survivors (3072K)
 Metaspace       used 143882K, capacity 148089K, committed 148272K, reserved 1177600K
  class space    used 17939K, capacity 19463K, committed 19584K, reserved 1048576K
}
Event: 1200.480 GC heap after
{Heap after GC invocations=103 (full 0):
 garbage-first heap   total 507904K, used 258048K [0x0000000080000000, 0x0000000100000000)
  region size 1024K, 3 young (3072K), 3 survivors (3072K)
 Metaspace       used 143882K, capacity 148089K, committed 148272K, reserved 1177600K
  class space    used 17939K, capacity 19463K, committed 19584K, reserved 1048576K
}
Event: 1203.131 GC heap before
{Heap before GC invocations=103 (full 0):
 garbage-first heap   total 507904K, used 384000K [0x0000000080000000, 0x0000000100000000)
  region size 1024K, 127 young (130048K), 3 survivors (3072K)
 Metaspace       used 144436K, capacity 148539K, committed 148784K, reserved 1179648K
  class space    used 17985K, capacity 19518K, committed 19584K, reserved 1048576K
}
Event: 1203.341 GC heap after
{Heap after GC invocations=104 (full 0):
 garbage-first heap   total 507904K, used 291840K [0x0000000080000000, 0x0000000100000000)
  region size 1024K, 16 young (16384K), 16 survivors (16384K)
 Metaspace       used 144436K, capacity 148539K, committed 148784K, reserved 1179648K
  class space    used 17985K, capacity 19518K, committed 19584K, reserved 1048576K
}
Event: 1205.247 GC heap before
{Heap before GC invocations=104 (full 0):
 garbage-first heap   total 507904K, used 363520K [0x0000000080000000, 0x0000000100000000)
  region size 1024K, 85 young (87040K), 16 survivors (16384K)
 Metaspace       used 144480K, capacity 148545K, committed 148784K, reserved 1179648K
  class space    used 17985K, capacity 19518K, committed 19584K, reserved 1048576K
}
Event: 1205.378 GC heap after
{Heap after GC invocations=105 (full 0):
 garbage-first heap   total 507904K, used 302592K [0x0000000080000000, 0x0000000100000000)
  region size 1024K, 8 young (8192K), 8 survivors (8192K)
 Metaspace       used 144480K, capacity 148545K, committed 148784K, reserved 1179648K
  class space    used 17985K, capacity 19518K, committed 19584K, reserved 1048576K
}
Event: 1209.838 GC heap before
{Heap before GC invocations=105 (full 0):
 garbage-first heap   total 507904K, used 401920K [0x0000000080000000, 0x0000000100000000)
  region size 1024K, 88 young (90112K), 8 survivors (8192K)
 Metaspace       used 144615K, capacity 148689K, committed 149040K, reserved 1179648K
  class space    used 17990K, capacity 19521K, committed 19584K, reserved 1048576K
}
Event: 1209.912 GC heap after
{Heap after GC invocations=106 (full 0):
 garbage-first heap   total 507904K, used 325632K [0x0000000080000000, 0x0000000100000000)
  region size 1024K, 8 young (8192K), 8 survivors (8192K)
 Metaspace       used 144615K, capacity 148689K, committed 149040K, reserved 1179648K
  class space    used 17990K, capacity 19521K, committed 19584K, reserved 1048576K
}
Event: 1210.916 GC heap before
{Heap before GC invocations=106 (full 0):
 garbage-first heap   total 507904K, used 419840K [0x0000000080000000, 0x0000000100000000)
  region size 1024K, 90 young (92160K), 8 survivors (8192K)
 Metaspace       used 144866K, capacity 149044K, committed 149296K, reserved 1179648K
  class space    used 18011K, capacity 19553K, committed 19584K, reserved 1048576K
}
Event: 1210.979 GC heap after
{Heap after GC invocations=107 (full 0):
 garbage-first heap   total 507904K, used 341009K [0x0000000080000000, 0x0000000100000000)
  region size 1024K, 9 young (9216K), 9 survivors (9216K)
 Metaspace       used 144866K, capacity 149044K, committed 149296K, reserved 1179648K
  class space    used 18011K, capacity 19553K, committed 19584K, reserved 1048576K
}

